{
	"/Users/yokoi/2024/独学/【練習】React/tool-countdown/prev-countdown/js/main.js": {
		"path": "/Users/yokoi/2024/独学/【練習】React/tool-countdown/prev-countdown/js/main.js",
		"all": true,
		"statementMap": {
			"0": {
				"start": { "line": 1, "column": 0 },
				"end": { "line": 1, "column": 13 }
			},
			"1": {
				"start": { "line": 2, "column": 0 },
				"end": { "line": 2, "column": 1 }
			},
			"2": {
				"start": { "line": 3, "column": 0 },
				"end": { "line": 3, "column": 69 }
			},
			"3": {
				"start": { "line": 4, "column": 0 },
				"end": { "line": 4, "column": 49 }
			},
			"4": {
				"start": { "line": 5, "column": 0 },
				"end": { "line": 5, "column": 54 }
			},
			"5": {
				"start": { "line": 6, "column": 0 },
				"end": { "line": 6, "column": 56 }
			},
			"6": {
				"start": { "line": 7, "column": 0 },
				"end": { "line": 7, "column": 54 }
			},
			"7": {
				"start": { "line": 8, "column": 0 },
				"end": { "line": 8, "column": 56 }
			},
			"8": {
				"start": { "line": 9, "column": 0 },
				"end": { "line": 9, "column": 60 }
			},
			"9": {
				"start": { "line": 10, "column": 0 },
				"end": { "line": 10, "column": 68 }
			},
			"10": {
				"start": { "line": 11, "column": 0 },
				"end": { "line": 11, "column": 68 }
			},
			"11": {
				"start": { "line": 12, "column": 0 },
				"end": { "line": 12, "column": 75 }
			},
			"12": {
				"start": { "line": 13, "column": 0 },
				"end": { "line": 13, "column": 47 }
			},
			"13": {
				"start": { "line": 14, "column": 0 },
				"end": { "line": 14, "column": 76 }
			},
			"14": {
				"start": { "line": 15, "column": 0 },
				"end": { "line": 15, "column": 14 }
			},
			"15": {
				"start": { "line": 16, "column": 0 },
				"end": { "line": 16, "column": 14 }
			},
			"16": {
				"start": { "line": 17, "column": 0 },
				"end": { "line": 17, "column": 21 }
			},
			"17": {
				"start": { "line": 18, "column": 0 },
				"end": { "line": 18, "column": 23 }
			},
			"18": {
				"start": { "line": 19, "column": 0 },
				"end": { "line": 19, "column": 37 }
			},
			"19": {
				"start": { "line": 20, "column": 0 },
				"end": { "line": 20, "column": 51 }
			},
			"20": {
				"start": { "line": 21, "column": 0 },
				"end": { "line": 21, "column": 51 }
			},
			"21": {
				"start": { "line": 22, "column": 0 },
				"end": { "line": 22, "column": 69 }
			},
			"22": {
				"start": { "line": 23, "column": 0 },
				"end": { "line": 23, "column": 25 }
			},
			"23": {
				"start": { "line": 24, "column": 0 },
				"end": { "line": 24, "column": 26 }
			},
			"24": {
				"start": { "line": 25, "column": 0 },
				"end": { "line": 25, "column": 36 }
			},
			"25": {
				"start": { "line": 26, "column": 0 },
				"end": { "line": 26, "column": 36 }
			},
			"26": {
				"start": { "line": 27, "column": 0 },
				"end": { "line": 27, "column": 27 }
			},
			"27": {
				"start": { "line": 28, "column": 0 },
				"end": { "line": 28, "column": 43 }
			},
			"28": {
				"start": { "line": 29, "column": 0 },
				"end": { "line": 29, "column": 56 }
			},
			"29": {
				"start": { "line": 30, "column": 0 },
				"end": { "line": 30, "column": 14 }
			},
			"30": {
				"start": { "line": 31, "column": 0 },
				"end": { "line": 31, "column": 3 }
			},
			"31": {
				"start": { "line": 32, "column": 0 },
				"end": { "line": 32, "column": 33 }
			},
			"32": {
				"start": { "line": 33, "column": 0 },
				"end": { "line": 33, "column": 35 }
			},
			"33": {
				"start": { "line": 34, "column": 0 },
				"end": { "line": 34, "column": 25 }
			},
			"34": {
				"start": { "line": 35, "column": 0 },
				"end": { "line": 35, "column": 51 }
			},
			"35": {
				"start": { "line": 36, "column": 0 },
				"end": { "line": 36, "column": 31 }
			},
			"36": {
				"start": { "line": 37, "column": 0 },
				"end": { "line": 37, "column": 24 }
			},
			"37": {
				"start": { "line": 38, "column": 0 },
				"end": { "line": 38, "column": 31 }
			},
			"38": {
				"start": { "line": 39, "column": 0 },
				"end": { "line": 39, "column": 36 }
			},
			"39": {
				"start": { "line": 40, "column": 0 },
				"end": { "line": 40, "column": 17 }
			},
			"40": {
				"start": { "line": 41, "column": 0 },
				"end": { "line": 41, "column": 16 }
			},
			"41": {
				"start": { "line": 42, "column": 0 },
				"end": { "line": 42, "column": 40 }
			},
			"42": {
				"start": { "line": 43, "column": 0 },
				"end": { "line": 43, "column": 56 }
			},
			"43": {
				"start": { "line": 44, "column": 0 },
				"end": { "line": 44, "column": 39 }
			},
			"44": {
				"start": { "line": 45, "column": 0 },
				"end": { "line": 45, "column": 13 }
			},
			"45": {
				"start": { "line": 46, "column": 0 },
				"end": { "line": 46, "column": 46 }
			},
			"46": {
				"start": { "line": 47, "column": 0 },
				"end": { "line": 47, "column": 39 }
			},
			"47": {
				"start": { "line": 48, "column": 0 },
				"end": { "line": 48, "column": 13 }
			},
			"48": {
				"start": { "line": 49, "column": 0 },
				"end": { "line": 49, "column": 17 }
			},
			"49": {
				"start": { "line": 50, "column": 0 },
				"end": { "line": 50, "column": 28 }
			},
			"50": {
				"start": { "line": 51, "column": 0 },
				"end": { "line": 51, "column": 13 }
			},
			"51": {
				"start": { "line": 52, "column": 0 },
				"end": { "line": 52, "column": 5 }
			},
			"52": {
				"start": { "line": 53, "column": 0 },
				"end": { "line": 53, "column": 21 }
			},
			"53": {
				"start": { "line": 54, "column": 0 },
				"end": { "line": 54, "column": 54 }
			},
			"54": {
				"start": { "line": 55, "column": 0 },
				"end": { "line": 55, "column": 16 }
			},
			"55": {
				"start": { "line": 56, "column": 0 },
				"end": { "line": 56, "column": 16 }
			},
			"56": {
				"start": { "line": 57, "column": 0 },
				"end": { "line": 57, "column": 20 }
			},
			"57": {
				"start": { "line": 58, "column": 0 },
				"end": { "line": 58, "column": 35 }
			},
			"58": {
				"start": { "line": 59, "column": 0 },
				"end": { "line": 59, "column": 26 }
			},
			"59": {
				"start": { "line": 60, "column": 0 },
				"end": { "line": 60, "column": 19 }
			},
			"60": {
				"start": { "line": 61, "column": 0 },
				"end": { "line": 61, "column": 41 }
			},
			"61": {
				"start": { "line": 62, "column": 0 },
				"end": { "line": 62, "column": 36 }
			},
			"62": {
				"start": { "line": 63, "column": 0 },
				"end": { "line": 63, "column": 12 }
			},
			"63": {
				"start": { "line": 64, "column": 0 },
				"end": { "line": 64, "column": 26 }
			},
			"64": {
				"start": { "line": 65, "column": 0 },
				"end": { "line": 65, "column": 46 }
			},
			"65": {
				"start": { "line": 66, "column": 0 },
				"end": { "line": 66, "column": 34 }
			},
			"66": {
				"start": { "line": 67, "column": 0 },
				"end": { "line": 67, "column": 53 }
			},
			"67": {
				"start": { "line": 68, "column": 0 },
				"end": { "line": 68, "column": 5 }
			},
			"68": {
				"start": { "line": 69, "column": 0 },
				"end": { "line": 69, "column": 57 }
			},
			"69": {
				"start": { "line": 70, "column": 0 },
				"end": { "line": 70, "column": 55 }
			},
			"70": {
				"start": { "line": 71, "column": 0 },
				"end": { "line": 71, "column": 3 }
			},
			"71": {
				"start": { "line": 72, "column": 0 },
				"end": { "line": 72, "column": 33 }
			},
			"72": {
				"start": { "line": 73, "column": 0 },
				"end": { "line": 73, "column": 25 }
			},
			"73": {
				"start": { "line": 74, "column": 0 },
				"end": { "line": 74, "column": 57 }
			},
			"74": {
				"start": { "line": 75, "column": 0 },
				"end": { "line": 75, "column": 21 }
			},
			"75": {
				"start": { "line": 76, "column": 0 },
				"end": { "line": 76, "column": 44 }
			},
			"76": {
				"start": { "line": 77, "column": 0 },
				"end": { "line": 77, "column": 32 }
			},
			"77": {
				"start": { "line": 78, "column": 0 },
				"end": { "line": 78, "column": 20 }
			},
			"78": {
				"start": { "line": 79, "column": 0 },
				"end": { "line": 79, "column": 7 }
			},
			"79": {
				"start": { "line": 80, "column": 0 },
				"end": { "line": 80, "column": 21 }
			},
			"80": {
				"start": { "line": 81, "column": 0 },
				"end": { "line": 81, "column": 45 }
			},
			"81": {
				"start": { "line": 82, "column": 0 },
				"end": { "line": 82, "column": 32 }
			},
			"82": {
				"start": { "line": 83, "column": 0 },
				"end": { "line": 83, "column": 20 }
			},
			"83": {
				"start": { "line": 84, "column": 0 },
				"end": { "line": 84, "column": 7 }
			},
			"84": {
				"start": { "line": 85, "column": 0 },
				"end": { "line": 85, "column": 5 }
			},
			"85": {
				"start": { "line": 86, "column": 0 },
				"end": { "line": 86, "column": 28 }
			},
			"86": {
				"start": { "line": 87, "column": 0 },
				"end": { "line": 87, "column": 17 }
			},
			"87": {
				"start": { "line": 88, "column": 0 },
				"end": { "line": 88, "column": 3 }
			},
			"88": {
				"start": { "line": 89, "column": 0 },
				"end": { "line": 89, "column": 33 }
			},
			"89": {
				"start": { "line": 90, "column": 0 },
				"end": { "line": 90, "column": 54 }
			},
			"90": {
				"start": { "line": 91, "column": 0 },
				"end": { "line": 91, "column": 14 }
			},
			"91": {
				"start": { "line": 92, "column": 0 },
				"end": { "line": 92, "column": 34 }
			},
			"92": {
				"start": { "line": 93, "column": 0 },
				"end": { "line": 93, "column": 17 }
			},
			"93": {
				"start": { "line": 94, "column": 0 },
				"end": { "line": 94, "column": 18 }
			},
			"94": {
				"start": { "line": 95, "column": 0 },
				"end": { "line": 95, "column": 16 }
			},
			"95": {
				"start": { "line": 96, "column": 0 },
				"end": { "line": 96, "column": 34 }
			},
			"96": {
				"start": { "line": 97, "column": 0 },
				"end": { "line": 97, "column": 11 }
			},
			"97": {
				"start": { "line": 98, "column": 0 },
				"end": { "line": 98, "column": 23 }
			},
			"98": {
				"start": { "line": 99, "column": 0 },
				"end": { "line": 99, "column": 16 }
			},
			"99": {
				"start": { "line": 100, "column": 0 },
				"end": { "line": 100, "column": 28 }
			},
			"100": {
				"start": { "line": 101, "column": 0 },
				"end": { "line": 101, "column": 16 }
			},
			"101": {
				"start": { "line": 102, "column": 0 },
				"end": { "line": 102, "column": 37 }
			},
			"102": {
				"start": { "line": 103, "column": 0 },
				"end": { "line": 103, "column": 28 }
			},
			"103": {
				"start": { "line": 104, "column": 0 },
				"end": { "line": 104, "column": 34 }
			},
			"104": {
				"start": { "line": 105, "column": 0 },
				"end": { "line": 105, "column": 36 }
			},
			"105": {
				"start": { "line": 106, "column": 0 },
				"end": { "line": 106, "column": 39 }
			},
			"106": {
				"start": { "line": 107, "column": 0 },
				"end": { "line": 107, "column": 12 }
			},
			"107": {
				"start": { "line": 108, "column": 0 },
				"end": { "line": 108, "column": 37 }
			},
			"108": {
				"start": { "line": 109, "column": 0 },
				"end": { "line": 109, "column": 40 }
			},
			"109": {
				"start": { "line": 110, "column": 0 },
				"end": { "line": 110, "column": 5 }
			},
			"110": {
				"start": { "line": 111, "column": 0 },
				"end": { "line": 111, "column": 3 }
			},
			"111": {
				"start": { "line": 112, "column": 0 },
				"end": { "line": 112, "column": 33 }
			},
			"112": {
				"start": { "line": 113, "column": 0 },
				"end": { "line": 113, "column": 35 }
			},
			"113": {
				"start": { "line": 114, "column": 0 },
				"end": { "line": 114, "column": 14 }
			},
			"114": {
				"start": { "line": 115, "column": 0 },
				"end": { "line": 115, "column": 34 }
			},
			"115": {
				"start": { "line": 116, "column": 0 },
				"end": { "line": 116, "column": 17 }
			},
			"116": {
				"start": { "line": 117, "column": 0 },
				"end": { "line": 117, "column": 16 }
			},
			"117": {
				"start": { "line": 118, "column": 0 },
				"end": { "line": 118, "column": 14 }
			},
			"118": {
				"start": { "line": 119, "column": 0 },
				"end": { "line": 119, "column": 23 }
			},
			"119": {
				"start": { "line": 120, "column": 0 },
				"end": { "line": 120, "column": 11 }
			},
			"120": {
				"start": { "line": 121, "column": 0 },
				"end": { "line": 121, "column": 23 }
			},
			"121": {
				"start": { "line": 122, "column": 0 },
				"end": { "line": 122, "column": 16 }
			},
			"122": {
				"start": { "line": 123, "column": 0 },
				"end": { "line": 123, "column": 28 }
			},
			"123": {
				"start": { "line": 124, "column": 0 },
				"end": { "line": 124, "column": 16 }
			},
			"124": {
				"start": { "line": 125, "column": 0 },
				"end": { "line": 125, "column": 37 }
			},
			"125": {
				"start": { "line": 126, "column": 0 },
				"end": { "line": 126, "column": 28 }
			},
			"126": {
				"start": { "line": 127, "column": 0 },
				"end": { "line": 127, "column": 34 }
			},
			"127": {
				"start": { "line": 128, "column": 0 },
				"end": { "line": 128, "column": 36 }
			},
			"128": {
				"start": { "line": 129, "column": 0 },
				"end": { "line": 129, "column": 39 }
			},
			"129": {
				"start": { "line": 130, "column": 0 },
				"end": { "line": 130, "column": 12 }
			},
			"130": {
				"start": { "line": 131, "column": 0 },
				"end": { "line": 131, "column": 37 }
			},
			"131": {
				"start": { "line": 132, "column": 0 },
				"end": { "line": 132, "column": 40 }
			},
			"132": {
				"start": { "line": 133, "column": 0 },
				"end": { "line": 133, "column": 5 }
			},
			"133": {
				"start": { "line": 134, "column": 0 },
				"end": { "line": 134, "column": 3 }
			},
			"134": {
				"start": { "line": 135, "column": 0 },
				"end": { "line": 135, "column": 33 }
			},
			"135": {
				"start": { "line": 136, "column": 0 },
				"end": { "line": 136, "column": 38 }
			},
			"136": {
				"start": { "line": 137, "column": 0 },
				"end": { "line": 137, "column": 12 }
			},
			"137": {
				"start": { "line": 138, "column": 0 },
				"end": { "line": 138, "column": 45 }
			},
			"138": {
				"start": { "line": 139, "column": 0 },
				"end": { "line": 139, "column": 15 }
			},
			"139": {
				"start": { "line": 140, "column": 0 },
				"end": { "line": 140, "column": 7 }
			},
			"140": {
				"start": { "line": 141, "column": 0 },
				"end": { "line": 141, "column": 48 }
			},
			"141": {
				"start": { "line": 142, "column": 0 },
				"end": { "line": 142, "column": 34 }
			},
			"142": {
				"start": { "line": 143, "column": 0 },
				"end": { "line": 143, "column": 40 }
			},
			"143": {
				"start": { "line": 144, "column": 0 },
				"end": { "line": 144, "column": 52 }
			},
			"144": {
				"start": { "line": 145, "column": 0 },
				"end": { "line": 145, "column": 12 }
			},
			"145": {
				"start": { "line": 146, "column": 0 },
				"end": { "line": 146, "column": 45 }
			},
			"146": {
				"start": { "line": 147, "column": 0 },
				"end": { "line": 147, "column": 55 }
			},
			"147": {
				"start": { "line": 148, "column": 0 },
				"end": { "line": 148, "column": 23 }
			},
			"148": {
				"start": { "line": 149, "column": 0 },
				"end": { "line": 149, "column": 7 }
			},
			"149": {
				"start": { "line": 150, "column": 0 },
				"end": { "line": 150, "column": 5 }
			},
			"150": {
				"start": { "line": 151, "column": 0 },
				"end": { "line": 151, "column": 3 }
			},
			"151": {
				"start": { "line": 152, "column": 0 },
				"end": { "line": 152, "column": 33 }
			},
			"152": {
				"start": { "line": 153, "column": 0 },
				"end": { "line": 153, "column": 34 }
			},
			"153": {
				"start": { "line": 154, "column": 0 },
				"end": { "line": 154, "column": 26 }
			},
			"154": {
				"start": { "line": 155, "column": 0 },
				"end": { "line": 155, "column": 26 }
			},
			"155": {
				"start": { "line": 156, "column": 0 },
				"end": { "line": 156, "column": 97 }
			},
			"156": {
				"start": { "line": 157, "column": 0 },
				"end": { "line": 157, "column": 18 }
			},
			"157": {
				"start": { "line": 158, "column": 0 },
				"end": { "line": 158, "column": 56 }
			},
			"158": {
				"start": { "line": 159, "column": 0 },
				"end": { "line": 159, "column": 18 }
			},
			"159": {
				"start": { "line": 160, "column": 0 },
				"end": { "line": 160, "column": 12 }
			},
			"160": {
				"start": { "line": 161, "column": 0 },
				"end": { "line": 161, "column": 27 }
			},
			"161": {
				"start": { "line": 162, "column": 0 },
				"end": { "line": 162, "column": 5 }
			},
			"162": {
				"start": { "line": 163, "column": 0 },
				"end": { "line": 163, "column": 3 }
			},
			"163": {
				"start": { "line": 164, "column": 0 },
				"end": { "line": 164, "column": 33 }
			},
			"164": {
				"start": { "line": 165, "column": 0 },
				"end": { "line": 165, "column": 32 }
			},
			"165": {
				"start": { "line": 166, "column": 0 },
				"end": { "line": 166, "column": 62 }
			},
			"166": {
				"start": { "line": 167, "column": 0 },
				"end": { "line": 167, "column": 18 }
			},
			"167": {
				"start": { "line": 168, "column": 0 },
				"end": { "line": 168, "column": 12 }
			},
			"168": {
				"start": { "line": 169, "column": 0 },
				"end": { "line": 169, "column": 19 }
			},
			"169": {
				"start": { "line": 170, "column": 0 },
				"end": { "line": 170, "column": 5 }
			},
			"170": {
				"start": { "line": 171, "column": 0 },
				"end": { "line": 171, "column": 3 }
			},
			"171": {
				"start": { "line": 172, "column": 0 },
				"end": { "line": 172, "column": 33 }
			},
			"172": {
				"start": { "line": 173, "column": 0 },
				"end": { "line": 173, "column": 87 }
			},
			"173": {
				"start": { "line": 174, "column": 0 },
				"end": { "line": 174, "column": 22 }
			},
			"174": {
				"start": { "line": 175, "column": 0 },
				"end": { "line": 175, "column": 47 }
			},
			"175": {
				"start": { "line": 176, "column": 0 },
				"end": { "line": 176, "column": 0 }
			},
			"176": {
				"start": { "line": 177, "column": 0 },
				"end": { "line": 177, "column": 19 }
			},
			"177": {
				"start": { "line": 178, "column": 0 },
				"end": { "line": 178, "column": 34 }
			},
			"178": {
				"start": { "line": 179, "column": 0 },
				"end": { "line": 179, "column": 33 }
			},
			"179": {
				"start": { "line": 180, "column": 0 },
				"end": { "line": 180, "column": 6 }
			},
			"180": {
				"start": { "line": 181, "column": 0 },
				"end": { "line": 181, "column": 20 }
			},
			"181": {
				"start": { "line": 182, "column": 0 },
				"end": { "line": 182, "column": 23 }
			},
			"182": {
				"start": { "line": 183, "column": 0 },
				"end": { "line": 183, "column": 25 }
			},
			"183": {
				"start": { "line": 184, "column": 0 },
				"end": { "line": 184, "column": 62 }
			},
			"184": {
				"start": { "line": 185, "column": 0 },
				"end": { "line": 185, "column": 32 }
			},
			"185": {
				"start": { "line": 186, "column": 0 },
				"end": { "line": 186, "column": 41 }
			},
			"186": {
				"start": { "line": 187, "column": 0 },
				"end": { "line": 187, "column": 6 }
			},
			"187": {
				"start": { "line": 188, "column": 0 },
				"end": { "line": 188, "column": 0 }
			},
			"188": {
				"start": { "line": 189, "column": 0 },
				"end": { "line": 189, "column": 23 }
			},
			"189": {
				"start": { "line": 190, "column": 0 },
				"end": { "line": 190, "column": 23 }
			},
			"190": {
				"start": { "line": 191, "column": 0 },
				"end": { "line": 191, "column": 46 }
			},
			"191": {
				"start": { "line": 192, "column": 0 },
				"end": { "line": 192, "column": 56 }
			},
			"192": {
				"start": { "line": 193, "column": 0 },
				"end": { "line": 193, "column": 66 }
			},
			"193": {
				"start": { "line": 194, "column": 0 },
				"end": { "line": 194, "column": 69 }
			},
			"194": {
				"start": { "line": 195, "column": 0 },
				"end": { "line": 195, "column": 3 }
			},
			"195": {
				"start": { "line": 196, "column": 0 },
				"end": { "line": 196, "column": 71 }
			},
			"196": {
				"start": { "line": 197, "column": 0 },
				"end": { "line": 197, "column": 42 }
			},
			"197": {
				"start": { "line": 198, "column": 0 },
				"end": { "line": 198, "column": 25 }
			},
			"198": {
				"start": { "line": 199, "column": 0 },
				"end": { "line": 199, "column": 28 }
			},
			"199": {
				"start": { "line": 200, "column": 0 },
				"end": { "line": 200, "column": 5 }
			},
			"200": {
				"start": { "line": 201, "column": 0 },
				"end": { "line": 201, "column": 68 }
			},
			"201": {
				"start": { "line": 202, "column": 0 },
				"end": { "line": 202, "column": 0 }
			},
			"202": {
				"start": { "line": 203, "column": 0 },
				"end": { "line": 203, "column": 28 }
			},
			"203": {
				"start": { "line": 204, "column": 0 },
				"end": { "line": 204, "column": 29 }
			},
			"204": {
				"start": { "line": 205, "column": 0 },
				"end": { "line": 205, "column": 34 }
			},
			"205": {
				"start": { "line": 206, "column": 0 },
				"end": { "line": 206, "column": 35 }
			},
			"206": {
				"start": { "line": 207, "column": 0 },
				"end": { "line": 207, "column": 5 }
			},
			"207": {
				"start": { "line": 208, "column": 0 },
				"end": { "line": 208, "column": 33 }
			},
			"208": {
				"start": { "line": 209, "column": 0 },
				"end": { "line": 209, "column": 41 }
			},
			"209": {
				"start": { "line": 210, "column": 0 },
				"end": { "line": 210, "column": 48 }
			},
			"210": {
				"start": { "line": 211, "column": 0 },
				"end": { "line": 211, "column": 84 }
			},
			"211": {
				"start": { "line": 212, "column": 0 },
				"end": { "line": 212, "column": 30 }
			},
			"212": {
				"start": { "line": 213, "column": 0 },
				"end": { "line": 213, "column": 54 }
			},
			"213": {
				"start": { "line": 214, "column": 0 },
				"end": { "line": 214, "column": 37 }
			},
			"214": {
				"start": { "line": 215, "column": 0 },
				"end": { "line": 215, "column": 54 }
			},
			"215": {
				"start": { "line": 216, "column": 0 },
				"end": { "line": 216, "column": 12 }
			},
			"216": {
				"start": { "line": 217, "column": 0 },
				"end": { "line": 217, "column": 58 }
			},
			"217": {
				"start": { "line": 218, "column": 0 },
				"end": { "line": 218, "column": 5 }
			},
			"218": {
				"start": { "line": 219, "column": 0 },
				"end": { "line": 219, "column": 42 }
			},
			"219": {
				"start": { "line": 220, "column": 0 },
				"end": { "line": 220, "column": 52 }
			},
			"220": {
				"start": { "line": 221, "column": 0 },
				"end": { "line": 221, "column": 5 }
			},
			"221": {
				"start": { "line": 222, "column": 0 },
				"end": { "line": 222, "column": 33 }
			},
			"222": {
				"start": { "line": 223, "column": 0 },
				"end": { "line": 223, "column": 40 }
			},
			"223": {
				"start": { "line": 224, "column": 0 },
				"end": { "line": 224, "column": 55 }
			},
			"224": {
				"start": { "line": 225, "column": 0 },
				"end": { "line": 225, "column": 21 }
			},
			"225": {
				"start": { "line": 226, "column": 0 },
				"end": { "line": 226, "column": 26 }
			},
			"226": {
				"start": { "line": 227, "column": 0 },
				"end": { "line": 227, "column": 29 }
			},
			"227": {
				"start": { "line": 228, "column": 0 },
				"end": { "line": 228, "column": 5 }
			},
			"228": {
				"start": { "line": 229, "column": 0 },
				"end": { "line": 229, "column": 33 }
			},
			"229": {
				"start": { "line": 230, "column": 0 },
				"end": { "line": 230, "column": 42 }
			},
			"230": {
				"start": { "line": 231, "column": 0 },
				"end": { "line": 231, "column": 37 }
			},
			"231": {
				"start": { "line": 232, "column": 0 },
				"end": { "line": 232, "column": 55 }
			},
			"232": {
				"start": { "line": 233, "column": 0 },
				"end": { "line": 233, "column": 62 }
			},
			"233": {
				"start": { "line": 234, "column": 0 },
				"end": { "line": 234, "column": 29 }
			},
			"234": {
				"start": { "line": 235, "column": 0 },
				"end": { "line": 235, "column": 39 }
			},
			"235": {
				"start": { "line": 236, "column": 0 },
				"end": { "line": 236, "column": 59 }
			},
			"236": {
				"start": { "line": 237, "column": 0 },
				"end": { "line": 237, "column": 29 }
			},
			"237": {
				"start": { "line": 238, "column": 0 },
				"end": { "line": 238, "column": 56 }
			},
			"238": {
				"start": { "line": 239, "column": 0 },
				"end": { "line": 239, "column": 58 }
			},
			"239": {
				"start": { "line": 240, "column": 0 },
				"end": { "line": 240, "column": 63 }
			},
			"240": {
				"start": { "line": 241, "column": 0 },
				"end": { "line": 241, "column": 49 }
			},
			"241": {
				"start": { "line": 242, "column": 0 },
				"end": { "line": 242, "column": 9 }
			},
			"242": {
				"start": { "line": 243, "column": 0 },
				"end": { "line": 243, "column": 29 }
			},
			"243": {
				"start": { "line": 244, "column": 0 },
				"end": { "line": 244, "column": 57 }
			},
			"244": {
				"start": { "line": 245, "column": 0 },
				"end": { "line": 245, "column": 53 }
			},
			"245": {
				"start": { "line": 246, "column": 0 },
				"end": { "line": 246, "column": 42 }
			},
			"246": {
				"start": { "line": 247, "column": 0 },
				"end": { "line": 247, "column": 61 }
			},
			"247": {
				"start": { "line": 248, "column": 0 },
				"end": { "line": 248, "column": 13 }
			},
			"248": {
				"start": { "line": 249, "column": 0 },
				"end": { "line": 249, "column": 7 }
			},
			"249": {
				"start": { "line": 250, "column": 0 },
				"end": { "line": 250, "column": 5 }
			},
			"250": {
				"start": { "line": 251, "column": 0 },
				"end": { "line": 251, "column": 5 }
			},
			"251": {
				"start": { "line": 252, "column": 0 },
				"end": { "line": 252, "column": 33 }
			},
			"252": {
				"start": { "line": 253, "column": 0 },
				"end": { "line": 253, "column": 44 }
			},
			"253": {
				"start": { "line": 254, "column": 0 },
				"end": { "line": 254, "column": 31 }
			},
			"254": {
				"start": { "line": 255, "column": 0 },
				"end": { "line": 255, "column": 29 }
			},
			"255": {
				"start": { "line": 256, "column": 0 },
				"end": { "line": 256, "column": 35 }
			},
			"256": {
				"start": { "line": 257, "column": 0 },
				"end": { "line": 257, "column": 23 }
			},
			"257": {
				"start": { "line": 258, "column": 0 },
				"end": { "line": 258, "column": 46 }
			},
			"258": {
				"start": { "line": 259, "column": 0 },
				"end": { "line": 259, "column": 127 }
			},
			"259": {
				"start": { "line": 260, "column": 0 },
				"end": { "line": 260, "column": 27 }
			},
			"260": {
				"start": { "line": 261, "column": 0 },
				"end": { "line": 261, "column": 43 }
			},
			"261": {
				"start": { "line": 262, "column": 0 },
				"end": { "line": 262, "column": 38 }
			},
			"262": {
				"start": { "line": 263, "column": 0 },
				"end": { "line": 263, "column": 30 }
			},
			"263": {
				"start": { "line": 264, "column": 0 },
				"end": { "line": 264, "column": 49 }
			},
			"264": {
				"start": { "line": 265, "column": 0 },
				"end": { "line": 265, "column": 16 }
			},
			"265": {
				"start": { "line": 266, "column": 0 },
				"end": { "line": 266, "column": 33 }
			},
			"266": {
				"start": { "line": 267, "column": 0 },
				"end": { "line": 267, "column": 29 }
			},
			"267": {
				"start": { "line": 268, "column": 0 },
				"end": { "line": 268, "column": 50 }
			},
			"268": {
				"start": { "line": 269, "column": 0 },
				"end": { "line": 269, "column": 53 }
			},
			"269": {
				"start": { "line": 270, "column": 0 },
				"end": { "line": 270, "column": 20 }
			},
			"270": {
				"start": { "line": 271, "column": 0 },
				"end": { "line": 271, "column": 29 }
			},
			"271": {
				"start": { "line": 272, "column": 0 },
				"end": { "line": 272, "column": 45 }
			},
			"272": {
				"start": { "line": 273, "column": 0 },
				"end": { "line": 273, "column": 52 }
			},
			"273": {
				"start": { "line": 274, "column": 0 },
				"end": { "line": 274, "column": 13 }
			},
			"274": {
				"start": { "line": 275, "column": 0 },
				"end": { "line": 275, "column": 38 }
			},
			"275": {
				"start": { "line": 276, "column": 0 },
				"end": { "line": 276, "column": 27 }
			},
			"276": {
				"start": { "line": 277, "column": 0 },
				"end": { "line": 277, "column": 51 }
			},
			"277": {
				"start": { "line": 278, "column": 0 },
				"end": { "line": 278, "column": 53 }
			},
			"278": {
				"start": { "line": 279, "column": 0 },
				"end": { "line": 279, "column": 20 }
			},
			"279": {
				"start": { "line": 280, "column": 0 },
				"end": { "line": 280, "column": 29 }
			},
			"280": {
				"start": { "line": 281, "column": 0 },
				"end": { "line": 281, "column": 45 }
			},
			"281": {
				"start": { "line": 282, "column": 0 },
				"end": { "line": 282, "column": 52 }
			},
			"282": {
				"start": { "line": 283, "column": 0 },
				"end": { "line": 283, "column": 13 }
			},
			"283": {
				"start": { "line": 284, "column": 0 },
				"end": { "line": 284, "column": 18 }
			},
			"284": {
				"start": { "line": 285, "column": 0 },
				"end": { "line": 285, "column": 29 }
			},
			"285": {
				"start": { "line": 286, "column": 0 },
				"end": { "line": 286, "column": 51 }
			},
			"286": {
				"start": { "line": 287, "column": 0 },
				"end": { "line": 287, "column": 53 }
			},
			"287": {
				"start": { "line": 288, "column": 0 },
				"end": { "line": 288, "column": 20 }
			},
			"288": {
				"start": { "line": 289, "column": 0 },
				"end": { "line": 289, "column": 29 }
			},
			"289": {
				"start": { "line": 290, "column": 0 },
				"end": { "line": 290, "column": 45 }
			},
			"290": {
				"start": { "line": 291, "column": 0 },
				"end": { "line": 291, "column": 52 }
			},
			"291": {
				"start": { "line": 292, "column": 0 },
				"end": { "line": 292, "column": 13 }
			},
			"292": {
				"start": { "line": 293, "column": 0 },
				"end": { "line": 293, "column": 11 }
			},
			"293": {
				"start": { "line": 294, "column": 0 },
				"end": { "line": 294, "column": 9 }
			},
			"294": {
				"start": { "line": 295, "column": 0 },
				"end": { "line": 295, "column": 7 }
			},
			"295": {
				"start": { "line": 296, "column": 0 },
				"end": { "line": 296, "column": 57 }
			},
			"296": {
				"start": { "line": 297, "column": 0 },
				"end": { "line": 297, "column": 23 }
			},
			"297": {
				"start": { "line": 298, "column": 0 },
				"end": { "line": 298, "column": 65 }
			},
			"298": {
				"start": { "line": 299, "column": 0 },
				"end": { "line": 299, "column": 25 }
			},
			"299": {
				"start": { "line": 300, "column": 0 },
				"end": { "line": 300, "column": 33 }
			},
			"300": {
				"start": { "line": 301, "column": 0 },
				"end": { "line": 301, "column": 36 }
			},
			"301": {
				"start": { "line": 302, "column": 0 },
				"end": { "line": 302, "column": 38 }
			},
			"302": {
				"start": { "line": 303, "column": 0 },
				"end": { "line": 303, "column": 41 }
			},
			"303": {
				"start": { "line": 304, "column": 0 },
				"end": { "line": 304, "column": 14 }
			},
			"304": {
				"start": { "line": 305, "column": 0 },
				"end": { "line": 305, "column": 39 }
			},
			"305": {
				"start": { "line": 306, "column": 0 },
				"end": { "line": 306, "column": 42 }
			},
			"306": {
				"start": { "line": 307, "column": 0 },
				"end": { "line": 307, "column": 7 }
			},
			"307": {
				"start": { "line": 308, "column": 0 },
				"end": { "line": 308, "column": 12 }
			},
			"308": {
				"start": { "line": 309, "column": 0 },
				"end": { "line": 309, "column": 25 }
			},
			"309": {
				"start": { "line": 310, "column": 0 },
				"end": { "line": 310, "column": 203 }
			},
			"310": {
				"start": { "line": 311, "column": 0 },
				"end": { "line": 311, "column": 49 }
			},
			"311": {
				"start": { "line": 312, "column": 0 },
				"end": { "line": 312, "column": 7 }
			},
			"312": {
				"start": { "line": 313, "column": 0 },
				"end": { "line": 313, "column": 5 }
			},
			"313": {
				"start": { "line": 314, "column": 0 },
				"end": { "line": 314, "column": 5 }
			},
			"314": {
				"start": { "line": 315, "column": 0 },
				"end": { "line": 315, "column": 33 }
			},
			"315": {
				"start": { "line": 316, "column": 0 },
				"end": { "line": 316, "column": 9 }
			},
			"316": {
				"start": { "line": 317, "column": 0 },
				"end": { "line": 317, "column": 39 }
			},
			"317": {
				"start": { "line": 318, "column": 0 },
				"end": { "line": 318, "column": 44 }
			},
			"318": {
				"start": { "line": 319, "column": 0 },
				"end": { "line": 319, "column": 50 }
			},
			"319": {
				"start": { "line": 320, "column": 0 },
				"end": { "line": 320, "column": 38 }
			},
			"320": {
				"start": { "line": 321, "column": 0 },
				"end": { "line": 321, "column": 28 }
			},
			"321": {
				"start": { "line": 322, "column": 0 },
				"end": { "line": 322, "column": 49 }
			},
			"322": {
				"start": { "line": 323, "column": 0 },
				"end": { "line": 323, "column": 13 }
			},
			"323": {
				"start": { "line": 324, "column": 0 },
				"end": { "line": 324, "column": 5 }
			},
			"324": {
				"start": { "line": 325, "column": 0 },
				"end": { "line": 325, "column": 29 }
			},
			"325": {
				"start": { "line": 326, "column": 0 },
				"end": { "line": 326, "column": 35 }
			},
			"326": {
				"start": { "line": 327, "column": 0 },
				"end": { "line": 327, "column": 50 }
			},
			"327": {
				"start": { "line": 328, "column": 0 },
				"end": { "line": 328, "column": 29 }
			},
			"328": {
				"start": { "line": 329, "column": 0 },
				"end": { "line": 329, "column": 29 }
			},
			"329": {
				"start": { "line": 330, "column": 0 },
				"end": { "line": 330, "column": 29 }
			},
			"330": {
				"start": { "line": 331, "column": 0 },
				"end": { "line": 331, "column": 37 }
			},
			"331": {
				"start": { "line": 332, "column": 0 },
				"end": { "line": 332, "column": 38 }
			},
			"332": {
				"start": { "line": 333, "column": 0 },
				"end": { "line": 333, "column": 48 }
			},
			"333": {
				"start": { "line": 334, "column": 0 },
				"end": { "line": 334, "column": 35 }
			},
			"334": {
				"start": { "line": 335, "column": 0 },
				"end": { "line": 335, "column": 5 }
			},
			"335": {
				"start": { "line": 336, "column": 0 },
				"end": { "line": 336, "column": 26 }
			},
			"336": {
				"start": { "line": 337, "column": 0 },
				"end": { "line": 337, "column": 16 }
			},
			"337": {
				"start": { "line": 338, "column": 0 },
				"end": { "line": 338, "column": 33 }
			},
			"338": {
				"start": { "line": 339, "column": 0 },
				"end": { "line": 339, "column": 34 }
			},
			"339": {
				"start": { "line": 340, "column": 0 },
				"end": { "line": 340, "column": 51 }
			},
			"340": {
				"start": { "line": 341, "column": 0 },
				"end": { "line": 341, "column": 23 }
			},
			"341": {
				"start": { "line": 342, "column": 0 },
				"end": { "line": 342, "column": 6 }
			},
			"342": {
				"start": { "line": 343, "column": 0 },
				"end": { "line": 343, "column": 10 }
			},
			"343": {
				"start": { "line": 344, "column": 0 },
				"end": { "line": 344, "column": 34 }
			},
			"344": {
				"start": { "line": 345, "column": 0 },
				"end": { "line": 345, "column": 46 }
			},
			"345": {
				"start": { "line": 346, "column": 0 },
				"end": { "line": 346, "column": 50 }
			},
			"346": {
				"start": { "line": 347, "column": 0 },
				"end": { "line": 347, "column": 35 }
			},
			"347": {
				"start": { "line": 348, "column": 0 },
				"end": { "line": 348, "column": 14 }
			},
			"348": {
				"start": { "line": 349, "column": 0 },
				"end": { "line": 349, "column": 23 }
			},
			"349": {
				"start": { "line": 350, "column": 0 },
				"end": { "line": 350, "column": 7 }
			},
			"350": {
				"start": { "line": 351, "column": 0 },
				"end": { "line": 351, "column": 18 }
			},
			"351": {
				"start": { "line": 352, "column": 0 },
				"end": { "line": 352, "column": 18 }
			},
			"352": {
				"start": { "line": 353, "column": 0 },
				"end": { "line": 353, "column": 22 }
			},
			"353": {
				"start": { "line": 354, "column": 0 },
				"end": { "line": 354, "column": 26 }
			},
			"354": {
				"start": { "line": 355, "column": 0 },
				"end": { "line": 355, "column": 34 }
			},
			"355": {
				"start": { "line": 356, "column": 0 },
				"end": { "line": 356, "column": 21 }
			},
			"356": {
				"start": { "line": 357, "column": 0 },
				"end": { "line": 357, "column": 32 }
			},
			"357": {
				"start": { "line": 358, "column": 0 },
				"end": { "line": 358, "column": 38 }
			},
			"358": {
				"start": { "line": 359, "column": 0 },
				"end": { "line": 359, "column": 14 }
			},
			"359": {
				"start": { "line": 360, "column": 0 },
				"end": { "line": 360, "column": 36 }
			},
			"360": {
				"start": { "line": 361, "column": 0 },
				"end": { "line": 361, "column": 37 }
			},
			"361": {
				"start": { "line": 362, "column": 0 },
				"end": { "line": 362, "column": 25 }
			},
			"362": {
				"start": { "line": 363, "column": 0 },
				"end": { "line": 363, "column": 55 }
			},
			"363": {
				"start": { "line": 364, "column": 0 },
				"end": { "line": 364, "column": 7 }
			},
			"364": {
				"start": { "line": 365, "column": 0 },
				"end": { "line": 365, "column": 59 }
			},
			"365": {
				"start": { "line": 366, "column": 0 },
				"end": { "line": 366, "column": 57 }
			},
			"366": {
				"start": { "line": 367, "column": 0 },
				"end": { "line": 367, "column": 32 }
			},
			"367": {
				"start": { "line": 368, "column": 0 },
				"end": { "line": 368, "column": 30 }
			},
			"368": {
				"start": { "line": 369, "column": 0 },
				"end": { "line": 369, "column": 31 }
			},
			"369": {
				"start": { "line": 370, "column": 0 },
				"end": { "line": 370, "column": 29 }
			},
			"370": {
				"start": { "line": 371, "column": 0 },
				"end": { "line": 371, "column": 50 }
			},
			"371": {
				"start": { "line": 372, "column": 0 },
				"end": { "line": 372, "column": 38 }
			},
			"372": {
				"start": { "line": 373, "column": 0 },
				"end": { "line": 373, "column": 7 }
			},
			"373": {
				"start": { "line": 374, "column": 0 },
				"end": { "line": 374, "column": 36 }
			},
			"374": {
				"start": { "line": 375, "column": 0 },
				"end": { "line": 375, "column": 38 }
			},
			"375": {
				"start": { "line": 376, "column": 0 },
				"end": { "line": 376, "column": 41 }
			},
			"376": {
				"start": { "line": 377, "column": 0 },
				"end": { "line": 377, "column": 7 }
			},
			"377": {
				"start": { "line": 378, "column": 0 },
				"end": { "line": 378, "column": 5 }
			},
			"378": {
				"start": { "line": 379, "column": 0 },
				"end": { "line": 379, "column": 47 }
			},
			"379": {
				"start": { "line": 380, "column": 0 },
				"end": { "line": 380, "column": 64 }
			},
			"380": {
				"start": { "line": 381, "column": 0 },
				"end": { "line": 381, "column": 5 }
			},
			"381": {
				"start": { "line": 382, "column": 0 },
				"end": { "line": 382, "column": 33 }
			},
			"382": {
				"start": { "line": 383, "column": 0 },
				"end": { "line": 383, "column": 43 }
			},
			"383": {
				"start": { "line": 384, "column": 0 },
				"end": { "line": 384, "column": 30 }
			},
			"384": {
				"start": { "line": 385, "column": 0 },
				"end": { "line": 385, "column": 28 }
			},
			"385": {
				"start": { "line": 386, "column": 0 },
				"end": { "line": 386, "column": 30 }
			},
			"386": {
				"start": { "line": 387, "column": 0 },
				"end": { "line": 387, "column": 27 }
			},
			"387": {
				"start": { "line": 388, "column": 0 },
				"end": { "line": 388, "column": 48 }
			},
			"388": {
				"start": { "line": 389, "column": 0 },
				"end": { "line": 389, "column": 36 }
			},
			"389": {
				"start": { "line": 390, "column": 0 },
				"end": { "line": 390, "column": 5 }
			},
			"390": {
				"start": { "line": 391, "column": 0 },
				"end": { "line": 391, "column": 34 }
			},
			"391": {
				"start": { "line": 392, "column": 0 },
				"end": { "line": 392, "column": 35 }
			},
			"392": {
				"start": { "line": 393, "column": 0 },
				"end": { "line": 393, "column": 41 }
			},
			"393": {
				"start": { "line": 394, "column": 0 },
				"end": { "line": 394, "column": 48 }
			},
			"394": {
				"start": { "line": 395, "column": 0 },
				"end": { "line": 395, "column": 47 }
			},
			"395": {
				"start": { "line": 396, "column": 0 },
				"end": { "line": 396, "column": 5 }
			},
			"396": {
				"start": { "line": 397, "column": 0 },
				"end": { "line": 397, "column": 5 }
			},
			"397": {
				"start": { "line": 398, "column": 0 },
				"end": { "line": 398, "column": 33 }
			},
			"398": {
				"start": { "line": 399, "column": 0 },
				"end": { "line": 399, "column": 44 }
			},
			"399": {
				"start": { "line": 400, "column": 0 },
				"end": { "line": 400, "column": 30 }
			},
			"400": {
				"start": { "line": 401, "column": 0 },
				"end": { "line": 401, "column": 28 }
			},
			"401": {
				"start": { "line": 402, "column": 0 },
				"end": { "line": 402, "column": 29 }
			},
			"402": {
				"start": { "line": 403, "column": 0 },
				"end": { "line": 403, "column": 27 }
			},
			"403": {
				"start": { "line": 404, "column": 0 },
				"end": { "line": 404, "column": 48 }
			},
			"404": {
				"start": { "line": 405, "column": 0 },
				"end": { "line": 405, "column": 36 }
			},
			"405": {
				"start": { "line": 406, "column": 0 },
				"end": { "line": 406, "column": 5 }
			},
			"406": {
				"start": { "line": 407, "column": 0 },
				"end": { "line": 407, "column": 44 }
			},
			"407": {
				"start": { "line": 408, "column": 0 },
				"end": { "line": 408, "column": 54 }
			},
			"408": {
				"start": { "line": 409, "column": 0 },
				"end": { "line": 409, "column": 18 }
			},
			"409": {
				"start": { "line": 410, "column": 0 },
				"end": { "line": 410, "column": 18 }
			},
			"410": {
				"start": { "line": 411, "column": 0 },
				"end": { "line": 411, "column": 22 }
			},
			"411": {
				"start": { "line": 412, "column": 0 },
				"end": { "line": 412, "column": 26 }
			},
			"412": {
				"start": { "line": 413, "column": 0 },
				"end": { "line": 413, "column": 31 }
			},
			"413": {
				"start": { "line": 414, "column": 0 },
				"end": { "line": 414, "column": 21 }
			},
			"414": {
				"start": { "line": 415, "column": 0 },
				"end": { "line": 415, "column": 32 }
			},
			"415": {
				"start": { "line": 416, "column": 0 },
				"end": { "line": 416, "column": 38 }
			},
			"416": {
				"start": { "line": 417, "column": 0 },
				"end": { "line": 417, "column": 15 }
			},
			"417": {
				"start": { "line": 418, "column": 0 },
				"end": { "line": 418, "column": 33 }
			},
			"418": {
				"start": { "line": 419, "column": 0 },
				"end": { "line": 419, "column": 37 }
			},
			"419": {
				"start": { "line": 420, "column": 0 },
				"end": { "line": 420, "column": 25 }
			},
			"420": {
				"start": { "line": 421, "column": 0 },
				"end": { "line": 421, "column": 55 }
			},
			"421": {
				"start": { "line": 422, "column": 0 },
				"end": { "line": 422, "column": 7 }
			},
			"422": {
				"start": { "line": 423, "column": 0 },
				"end": { "line": 423, "column": 59 }
			},
			"423": {
				"start": { "line": 424, "column": 0 },
				"end": { "line": 424, "column": 57 }
			},
			"424": {
				"start": { "line": 425, "column": 0 },
				"end": { "line": 425, "column": 5 }
			},
			"425": {
				"start": { "line": 426, "column": 0 },
				"end": { "line": 426, "column": 5 }
			},
			"426": {
				"start": { "line": 427, "column": 0 },
				"end": { "line": 427, "column": 33 }
			},
			"427": {
				"start": { "line": 428, "column": 0 },
				"end": { "line": 428, "column": 49 }
			},
			"428": {
				"start": { "line": 429, "column": 0 },
				"end": { "line": 429, "column": 53 }
			},
			"429": {
				"start": { "line": 430, "column": 0 },
				"end": { "line": 430, "column": 27 }
			},
			"430": {
				"start": { "line": 431, "column": 0 },
				"end": { "line": 431, "column": 30 }
			},
			"431": {
				"start": { "line": 432, "column": 0 },
				"end": { "line": 432, "column": 7 }
			},
			"432": {
				"start": { "line": 433, "column": 0 },
				"end": { "line": 433, "column": 43 }
			},
			"433": {
				"start": { "line": 434, "column": 0 },
				"end": { "line": 434, "column": 37 }
			},
			"434": {
				"start": { "line": 435, "column": 0 },
				"end": { "line": 435, "column": 7 }
			},
			"435": {
				"start": { "line": 436, "column": 0 },
				"end": { "line": 436, "column": 65 }
			},
			"436": {
				"start": { "line": 437, "column": 0 },
				"end": { "line": 437, "column": 37 }
			},
			"437": {
				"start": { "line": 438, "column": 0 },
				"end": { "line": 438, "column": 53 }
			},
			"438": {
				"start": { "line": 439, "column": 0 },
				"end": { "line": 439, "column": 36 }
			},
			"439": {
				"start": { "line": 440, "column": 0 },
				"end": { "line": 440, "column": 38 }
			},
			"440": {
				"start": { "line": 441, "column": 0 },
				"end": { "line": 441, "column": 41 }
			},
			"441": {
				"start": { "line": 442, "column": 0 },
				"end": { "line": 442, "column": 14 }
			},
			"442": {
				"start": { "line": 443, "column": 0 },
				"end": { "line": 443, "column": 39 }
			},
			"443": {
				"start": { "line": 444, "column": 0 },
				"end": { "line": 444, "column": 42 }
			},
			"444": {
				"start": { "line": 445, "column": 0 },
				"end": { "line": 445, "column": 7 }
			},
			"445": {
				"start": { "line": 446, "column": 0 },
				"end": { "line": 446, "column": 30 }
			},
			"446": {
				"start": { "line": 447, "column": 0 },
				"end": { "line": 447, "column": 31 }
			},
			"447": {
				"start": { "line": 448, "column": 0 },
				"end": { "line": 448, "column": 36 }
			},
			"448": {
				"start": { "line": 449, "column": 0 },
				"end": { "line": 449, "column": 37 }
			},
			"449": {
				"start": { "line": 450, "column": 0 },
				"end": { "line": 450, "column": 7 }
			},
			"450": {
				"start": { "line": 451, "column": 0 },
				"end": { "line": 451, "column": 3 }
			},
			"451": {
				"start": { "line": 452, "column": 0 },
				"end": { "line": 452, "column": 33 }
			},
			"452": {
				"start": { "line": 453, "column": 0 },
				"end": { "line": 453, "column": 49 }
			},
			"453": {
				"start": { "line": 454, "column": 0 },
				"end": { "line": 454, "column": 31 }
			},
			"454": {
				"start": { "line": 455, "column": 0 },
				"end": { "line": 455, "column": 34 }
			},
			"455": {
				"start": { "line": 456, "column": 0 },
				"end": { "line": 456, "column": 36 }
			},
			"456": {
				"start": { "line": 457, "column": 0 },
				"end": { "line": 457, "column": 39 }
			},
			"457": {
				"start": { "line": 458, "column": 0 },
				"end": { "line": 458, "column": 12 }
			},
			"458": {
				"start": { "line": 459, "column": 0 },
				"end": { "line": 459, "column": 37 }
			},
			"459": {
				"start": { "line": 460, "column": 0 },
				"end": { "line": 460, "column": 40 }
			},
			"460": {
				"start": { "line": 461, "column": 0 },
				"end": { "line": 461, "column": 5 }
			},
			"461": {
				"start": { "line": 462, "column": 0 },
				"end": { "line": 462, "column": 41 }
			},
			"462": {
				"start": { "line": 463, "column": 0 },
				"end": { "line": 463, "column": 35 }
			},
			"463": {
				"start": { "line": 464, "column": 0 },
				"end": { "line": 464, "column": 5 }
			},
			"464": {
				"start": { "line": 465, "column": 0 },
				"end": { "line": 465, "column": 4 }
			},
			"465": {
				"start": { "line": 466, "column": 0 },
				"end": { "line": 466, "column": 33 }
			},
			"466": {
				"start": { "line": 467, "column": 0 },
				"end": { "line": 467, "column": 52 }
			},
			"467": {
				"start": { "line": 468, "column": 0 },
				"end": { "line": 468, "column": 26 }
			},
			"468": {
				"start": { "line": 469, "column": 0 },
				"end": { "line": 469, "column": 0 }
			},
			"469": {
				"start": { "line": 470, "column": 0 },
				"end": { "line": 470, "column": 34 }
			},
			"470": {
				"start": { "line": 471, "column": 0 },
				"end": { "line": 471, "column": 37 }
			},
			"471": {
				"start": { "line": 472, "column": 0 },
				"end": { "line": 472, "column": 0 }
			},
			"472": {
				"start": { "line": 473, "column": 0 },
				"end": { "line": 473, "column": 41 }
			},
			"473": {
				"start": { "line": 474, "column": 0 },
				"end": { "line": 474, "column": 35 }
			},
			"474": {
				"start": { "line": 475, "column": 0 },
				"end": { "line": 475, "column": 5 }
			},
			"475": {
				"start": { "line": 476, "column": 0 },
				"end": { "line": 476, "column": 4 }
			},
			"476": {
				"start": { "line": 477, "column": 0 },
				"end": { "line": 477, "column": 33 }
			},
			"477": {
				"start": { "line": 478, "column": 0 },
				"end": { "line": 478, "column": 21 }
			},
			"478": {
				"start": { "line": 479, "column": 0 },
				"end": { "line": 479, "column": 58 }
			},
			"479": {
				"start": { "line": 480, "column": 0 },
				"end": { "line": 480, "column": 21 }
			},
			"480": {
				"start": { "line": 481, "column": 0 },
				"end": { "line": 481, "column": 35 }
			},
			"481": {
				"start": { "line": 482, "column": 0 },
				"end": { "line": 482, "column": 36 }
			},
			"482": {
				"start": { "line": 483, "column": 0 },
				"end": { "line": 483, "column": 29 }
			},
			"483": {
				"start": { "line": 484, "column": 0 },
				"end": { "line": 484, "column": 5 }
			},
			"484": {
				"start": { "line": 485, "column": 0 },
				"end": { "line": 485, "column": 23 }
			},
			"485": {
				"start": { "line": 486, "column": 0 },
				"end": { "line": 486, "column": 5 }
			},
			"486": {
				"start": { "line": 487, "column": 0 },
				"end": { "line": 487, "column": 69 }
			},
			"487": {
				"start": { "line": 488, "column": 0 },
				"end": { "line": 488, "column": 41 }
			},
			"488": {
				"start": { "line": 489, "column": 0 },
				"end": { "line": 489, "column": 34 }
			},
			"489": {
				"start": { "line": 490, "column": 0 },
				"end": { "line": 490, "column": 36 }
			},
			"490": {
				"start": { "line": 491, "column": 0 },
				"end": { "line": 491, "column": 39 }
			},
			"491": {
				"start": { "line": 492, "column": 0 },
				"end": { "line": 492, "column": 5 }
			},
			"492": {
				"start": { "line": 493, "column": 0 },
				"end": { "line": 493, "column": 5 }
			},
			"493": {
				"start": { "line": 494, "column": 0 },
				"end": { "line": 494, "column": 1 }
			},
			"494": {
				"start": { "line": 495, "column": 0 },
				"end": { "line": 495, "column": 66 }
			},
			"495": {
				"start": { "line": 496, "column": 0 },
				"end": { "line": 496, "column": 29 }
			},
			"496": {
				"start": { "line": 497, "column": 0 },
				"end": { "line": 497, "column": 83 }
			},
			"497": {
				"start": { "line": 498, "column": 0 },
				"end": { "line": 498, "column": 31 }
			}
		},
		"s": {
			"0": 0,
			"1": 0,
			"2": 0,
			"3": 0,
			"4": 0,
			"5": 0,
			"6": 0,
			"7": 0,
			"8": 0,
			"9": 0,
			"10": 0,
			"11": 0,
			"12": 0,
			"13": 0,
			"14": 0,
			"15": 0,
			"16": 0,
			"17": 0,
			"18": 0,
			"19": 0,
			"20": 0,
			"21": 0,
			"22": 0,
			"23": 0,
			"24": 0,
			"25": 0,
			"26": 0,
			"27": 0,
			"28": 0,
			"29": 0,
			"30": 0,
			"31": 0,
			"32": 0,
			"33": 0,
			"34": 0,
			"35": 0,
			"36": 0,
			"37": 0,
			"38": 0,
			"39": 0,
			"40": 0,
			"41": 0,
			"42": 0,
			"43": 0,
			"44": 0,
			"45": 0,
			"46": 0,
			"47": 0,
			"48": 0,
			"49": 0,
			"50": 0,
			"51": 0,
			"52": 0,
			"53": 0,
			"54": 0,
			"55": 0,
			"56": 0,
			"57": 0,
			"58": 0,
			"59": 0,
			"60": 0,
			"61": 0,
			"62": 0,
			"63": 0,
			"64": 0,
			"65": 0,
			"66": 0,
			"67": 0,
			"68": 0,
			"69": 0,
			"70": 0,
			"71": 0,
			"72": 0,
			"73": 0,
			"74": 0,
			"75": 0,
			"76": 0,
			"77": 0,
			"78": 0,
			"79": 0,
			"80": 0,
			"81": 0,
			"82": 0,
			"83": 0,
			"84": 0,
			"85": 0,
			"86": 0,
			"87": 0,
			"88": 0,
			"89": 0,
			"90": 0,
			"91": 0,
			"92": 0,
			"93": 0,
			"94": 0,
			"95": 0,
			"96": 0,
			"97": 0,
			"98": 0,
			"99": 0,
			"100": 0,
			"101": 0,
			"102": 0,
			"103": 0,
			"104": 0,
			"105": 0,
			"106": 0,
			"107": 0,
			"108": 0,
			"109": 0,
			"110": 0,
			"111": 0,
			"112": 0,
			"113": 0,
			"114": 0,
			"115": 0,
			"116": 0,
			"117": 0,
			"118": 0,
			"119": 0,
			"120": 0,
			"121": 0,
			"122": 0,
			"123": 0,
			"124": 0,
			"125": 0,
			"126": 0,
			"127": 0,
			"128": 0,
			"129": 0,
			"130": 0,
			"131": 0,
			"132": 0,
			"133": 0,
			"134": 0,
			"135": 0,
			"136": 0,
			"137": 0,
			"138": 0,
			"139": 0,
			"140": 0,
			"141": 0,
			"142": 0,
			"143": 0,
			"144": 0,
			"145": 0,
			"146": 0,
			"147": 0,
			"148": 0,
			"149": 0,
			"150": 0,
			"151": 0,
			"152": 0,
			"153": 0,
			"154": 0,
			"155": 0,
			"156": 0,
			"157": 0,
			"158": 0,
			"159": 0,
			"160": 0,
			"161": 0,
			"162": 0,
			"163": 0,
			"164": 0,
			"165": 0,
			"166": 0,
			"167": 0,
			"168": 0,
			"169": 0,
			"170": 0,
			"171": 0,
			"172": 0,
			"173": 0,
			"174": 0,
			"175": 0,
			"176": 0,
			"177": 0,
			"178": 0,
			"179": 0,
			"180": 0,
			"181": 0,
			"182": 0,
			"183": 0,
			"184": 0,
			"185": 0,
			"186": 0,
			"187": 0,
			"188": 0,
			"189": 0,
			"190": 0,
			"191": 0,
			"192": 0,
			"193": 0,
			"194": 0,
			"195": 0,
			"196": 0,
			"197": 0,
			"198": 0,
			"199": 0,
			"200": 0,
			"201": 0,
			"202": 0,
			"203": 0,
			"204": 0,
			"205": 0,
			"206": 0,
			"207": 0,
			"208": 0,
			"209": 0,
			"210": 0,
			"211": 0,
			"212": 0,
			"213": 0,
			"214": 0,
			"215": 0,
			"216": 0,
			"217": 0,
			"218": 0,
			"219": 0,
			"220": 0,
			"221": 0,
			"222": 0,
			"223": 0,
			"224": 0,
			"225": 0,
			"226": 0,
			"227": 0,
			"228": 0,
			"229": 0,
			"230": 0,
			"231": 0,
			"232": 0,
			"233": 0,
			"234": 0,
			"235": 0,
			"236": 0,
			"237": 0,
			"238": 0,
			"239": 0,
			"240": 0,
			"241": 0,
			"242": 0,
			"243": 0,
			"244": 0,
			"245": 0,
			"246": 0,
			"247": 0,
			"248": 0,
			"249": 0,
			"250": 0,
			"251": 0,
			"252": 0,
			"253": 0,
			"254": 0,
			"255": 0,
			"256": 0,
			"257": 0,
			"258": 0,
			"259": 0,
			"260": 0,
			"261": 0,
			"262": 0,
			"263": 0,
			"264": 0,
			"265": 0,
			"266": 0,
			"267": 0,
			"268": 0,
			"269": 0,
			"270": 0,
			"271": 0,
			"272": 0,
			"273": 0,
			"274": 0,
			"275": 0,
			"276": 0,
			"277": 0,
			"278": 0,
			"279": 0,
			"280": 0,
			"281": 0,
			"282": 0,
			"283": 0,
			"284": 0,
			"285": 0,
			"286": 0,
			"287": 0,
			"288": 0,
			"289": 0,
			"290": 0,
			"291": 0,
			"292": 0,
			"293": 0,
			"294": 0,
			"295": 0,
			"296": 0,
			"297": 0,
			"298": 0,
			"299": 0,
			"300": 0,
			"301": 0,
			"302": 0,
			"303": 0,
			"304": 0,
			"305": 0,
			"306": 0,
			"307": 0,
			"308": 0,
			"309": 0,
			"310": 0,
			"311": 0,
			"312": 0,
			"313": 0,
			"314": 0,
			"315": 0,
			"316": 0,
			"317": 0,
			"318": 0,
			"319": 0,
			"320": 0,
			"321": 0,
			"322": 0,
			"323": 0,
			"324": 0,
			"325": 0,
			"326": 0,
			"327": 0,
			"328": 0,
			"329": 0,
			"330": 0,
			"331": 0,
			"332": 0,
			"333": 0,
			"334": 0,
			"335": 0,
			"336": 0,
			"337": 0,
			"338": 0,
			"339": 0,
			"340": 0,
			"341": 0,
			"342": 0,
			"343": 0,
			"344": 0,
			"345": 0,
			"346": 0,
			"347": 0,
			"348": 0,
			"349": 0,
			"350": 0,
			"351": 0,
			"352": 0,
			"353": 0,
			"354": 0,
			"355": 0,
			"356": 0,
			"357": 0,
			"358": 0,
			"359": 0,
			"360": 0,
			"361": 0,
			"362": 0,
			"363": 0,
			"364": 0,
			"365": 0,
			"366": 0,
			"367": 0,
			"368": 0,
			"369": 0,
			"370": 0,
			"371": 0,
			"372": 0,
			"373": 0,
			"374": 0,
			"375": 0,
			"376": 0,
			"377": 0,
			"378": 0,
			"379": 0,
			"380": 0,
			"381": 0,
			"382": 0,
			"383": 0,
			"384": 0,
			"385": 0,
			"386": 0,
			"387": 0,
			"388": 0,
			"389": 0,
			"390": 0,
			"391": 0,
			"392": 0,
			"393": 0,
			"394": 0,
			"395": 0,
			"396": 0,
			"397": 0,
			"398": 0,
			"399": 0,
			"400": 0,
			"401": 0,
			"402": 0,
			"403": 0,
			"404": 0,
			"405": 0,
			"406": 0,
			"407": 0,
			"408": 0,
			"409": 0,
			"410": 0,
			"411": 0,
			"412": 0,
			"413": 0,
			"414": 0,
			"415": 0,
			"416": 0,
			"417": 0,
			"418": 0,
			"419": 0,
			"420": 0,
			"421": 0,
			"422": 0,
			"423": 0,
			"424": 0,
			"425": 0,
			"426": 0,
			"427": 0,
			"428": 0,
			"429": 0,
			"430": 0,
			"431": 0,
			"432": 0,
			"433": 0,
			"434": 0,
			"435": 0,
			"436": 0,
			"437": 0,
			"438": 0,
			"439": 0,
			"440": 0,
			"441": 0,
			"442": 0,
			"443": 0,
			"444": 0,
			"445": 0,
			"446": 0,
			"447": 0,
			"448": 0,
			"449": 0,
			"450": 0,
			"451": 0,
			"452": 0,
			"453": 0,
			"454": 0,
			"455": 0,
			"456": 0,
			"457": 0,
			"458": 0,
			"459": 0,
			"460": 0,
			"461": 0,
			"462": 0,
			"463": 0,
			"464": 0,
			"465": 0,
			"466": 0,
			"467": 0,
			"468": 0,
			"469": 0,
			"470": 0,
			"471": 0,
			"472": 0,
			"473": 0,
			"474": 0,
			"475": 0,
			"476": 0,
			"477": 0,
			"478": 0,
			"479": 0,
			"480": 0,
			"481": 0,
			"482": 0,
			"483": 0,
			"484": 0,
			"485": 0,
			"486": 0,
			"487": 0,
			"488": 0,
			"489": 0,
			"490": 0,
			"491": 0,
			"492": 0,
			"493": 0,
			"494": 0,
			"495": 0,
			"496": 0,
			"497": 0
		},
		"branchMap": {
			"0": {
				"type": "branch",
				"line": 1,
				"loc": {
					"start": { "line": 1, "column": 0 },
					"end": { "line": 498, "column": 31 }
				},
				"locations": [
					{
						"start": { "line": 1, "column": 0 },
						"end": { "line": 498, "column": 31 }
					}
				]
			}
		},
		"b": { "0": [0] },
		"fnMap": {
			"0": {
				"name": "(empty-report)",
				"decl": {
					"start": { "line": 1, "column": 0 },
					"end": { "line": 498, "column": 31 }
				},
				"loc": {
					"start": { "line": 1, "column": 0 },
					"end": { "line": 498, "column": 31 }
				},
				"line": 1
			}
		},
		"f": { "0": 0 }
	},
	"/Users/yokoi/2024/独学/【練習】React/tool-countdown/src/App.tsx": {
		"path": "/Users/yokoi/2024/独学/【練習】React/tool-countdown/src/App.tsx",
		"all": true,
		"statementMap": {
			"0": {
				"start": { "line": 1, "column": 0 },
				"end": { "line": 1, "column": 32 }
			},
			"1": {
				"start": { "line": 2, "column": 0 },
				"end": { "line": 2, "column": 42 }
			},
			"2": {
				"start": { "line": 3, "column": 0 },
				"end": { "line": 3, "column": 32 }
			},
			"3": {
				"start": { "line": 4, "column": 0 },
				"end": { "line": 4, "column": 18 }
			},
			"4": {
				"start": { "line": 5, "column": 0 },
				"end": { "line": 5, "column": 0 }
			},
			"5": {
				"start": { "line": 6, "column": 0 },
				"end": { "line": 6, "column": 16 }
			},
			"6": {
				"start": { "line": 7, "column": 0 },
				"end": { "line": 7, "column": 39 }
			},
			"7": {
				"start": { "line": 8, "column": 0 },
				"end": { "line": 8, "column": 0 }
			},
			"8": {
				"start": { "line": 9, "column": 0 },
				"end": { "line": 9, "column": 10 }
			},
			"9": {
				"start": { "line": 10, "column": 0 },
				"end": { "line": 10, "column": 6 }
			},
			"10": {
				"start": { "line": 11, "column": 0 },
				"end": { "line": 11, "column": 11 }
			},
			"11": {
				"start": { "line": 12, "column": 0 },
				"end": { "line": 12, "column": 53 }
			},
			"12": {
				"start": { "line": 13, "column": 0 },
				"end": { "line": 13, "column": 65 }
			},
			"13": {
				"start": { "line": 14, "column": 0 },
				"end": { "line": 14, "column": 12 }
			},
			"14": {
				"start": { "line": 15, "column": 0 },
				"end": { "line": 15, "column": 52 }
			},
			"15": {
				"start": { "line": 16, "column": 0 },
				"end": { "line": 16, "column": 73 }
			},
			"16": {
				"start": { "line": 17, "column": 0 },
				"end": { "line": 17, "column": 12 }
			},
			"17": {
				"start": { "line": 18, "column": 0 },
				"end": { "line": 18, "column": 12 }
			},
			"18": {
				"start": { "line": 19, "column": 0 },
				"end": { "line": 19, "column": 27 }
			},
			"19": {
				"start": { "line": 20, "column": 0 },
				"end": { "line": 20, "column": 28 }
			},
			"20": {
				"start": { "line": 21, "column": 0 },
				"end": { "line": 21, "column": 63 }
			},
			"21": {
				"start": { "line": 22, "column": 0 },
				"end": { "line": 22, "column": 26 }
			},
			"22": {
				"start": { "line": 23, "column": 0 },
				"end": { "line": 23, "column": 17 }
			},
			"23": {
				"start": { "line": 24, "column": 0 },
				"end": { "line": 24, "column": 11 }
			},
			"24": {
				"start": { "line": 25, "column": 0 },
				"end": { "line": 25, "column": 60 }
			},
			"25": {
				"start": { "line": 26, "column": 0 },
				"end": { "line": 26, "column": 12 }
			},
			"26": {
				"start": { "line": 27, "column": 0 },
				"end": { "line": 27, "column": 12 }
			},
			"27": {
				"start": { "line": 28, "column": 0 },
				"end": { "line": 28, "column": 35 }
			},
			"28": {
				"start": { "line": 29, "column": 0 },
				"end": { "line": 29, "column": 55 }
			},
			"29": {
				"start": { "line": 30, "column": 0 },
				"end": { "line": 30, "column": 10 }
			},
			"30": {
				"start": { "line": 31, "column": 0 },
				"end": { "line": 31, "column": 7 }
			},
			"31": {
				"start": { "line": 32, "column": 0 },
				"end": { "line": 32, "column": 3 }
			},
			"32": {
				"start": { "line": 33, "column": 0 },
				"end": { "line": 33, "column": 1 }
			},
			"33": {
				"start": { "line": 34, "column": 0 },
				"end": { "line": 34, "column": 0 }
			},
			"34": {
				"start": { "line": 35, "column": 0 },
				"end": { "line": 35, "column": 18 }
			}
		},
		"s": {
			"0": 0,
			"1": 0,
			"2": 0,
			"3": 0,
			"4": 0,
			"5": 0,
			"6": 0,
			"7": 0,
			"8": 0,
			"9": 0,
			"10": 0,
			"11": 0,
			"12": 0,
			"13": 0,
			"14": 0,
			"15": 0,
			"16": 0,
			"17": 0,
			"18": 0,
			"19": 0,
			"20": 0,
			"21": 0,
			"22": 0,
			"23": 0,
			"24": 0,
			"25": 0,
			"26": 0,
			"27": 0,
			"28": 0,
			"29": 0,
			"30": 0,
			"31": 0,
			"32": 0,
			"33": 0,
			"34": 0
		},
		"branchMap": {
			"0": {
				"type": "branch",
				"line": 1,
				"loc": {
					"start": { "line": 1, "column": 0 },
					"end": { "line": 35, "column": -632 }
				},
				"locations": [
					{
						"start": { "line": 1, "column": 0 },
						"end": { "line": 35, "column": -632 }
					}
				]
			}
		},
		"b": { "0": [0] },
		"fnMap": {
			"0": {
				"name": "(empty-report)",
				"decl": {
					"start": { "line": 1, "column": 0 },
					"end": { "line": 35, "column": -632 }
				},
				"loc": {
					"start": { "line": 1, "column": 0 },
					"end": { "line": 35, "column": -632 }
				},
				"line": 1
			}
		},
		"f": { "0": 0 }
	},
	"/Users/yokoi/2024/独学/【練習】React/tool-countdown/src/main.tsx": {
		"path": "/Users/yokoi/2024/独学/【練習】React/tool-countdown/src/main.tsx",
		"all": true,
		"statementMap": {
			"0": {
				"start": { "line": 1, "column": 0 },
				"end": { "line": 1, "column": 25 }
			},
			"1": {
				"start": { "line": 2, "column": 0 },
				"end": { "line": 2, "column": 39 }
			},
			"2": {
				"start": { "line": 3, "column": 0 },
				"end": { "line": 3, "column": 27 }
			},
			"3": {
				"start": { "line": 4, "column": 0 },
				"end": { "line": 4, "column": 20 }
			},
			"4": {
				"start": { "line": 5, "column": 0 },
				"end": { "line": 5, "column": 0 }
			},
			"5": {
				"start": { "line": 6, "column": 0 },
				"end": { "line": 6, "column": 61 }
			},
			"6": {
				"start": { "line": 7, "column": 0 },
				"end": { "line": 7, "column": 20 }
			},
			"7": {
				"start": { "line": 8, "column": 0 },
				"end": { "line": 8, "column": 11 }
			},
			"8": {
				"start": { "line": 9, "column": 0 },
				"end": { "line": 9, "column": 22 }
			},
			"9": {
				"start": { "line": 10, "column": 0 },
				"end": { "line": 10, "column": 1 }
			}
		},
		"s": {
			"0": 0,
			"1": 0,
			"2": 0,
			"3": 0,
			"4": 0,
			"5": 0,
			"6": 0,
			"7": 0,
			"8": 0,
			"9": 0
		},
		"branchMap": {
			"0": {
				"type": "branch",
				"line": 1,
				"loc": {
					"start": { "line": 1, "column": 235 },
					"end": { "line": 10, "column": 1 }
				},
				"locations": [
					{
						"start": { "line": 1, "column": 235 },
						"end": { "line": 10, "column": 1 }
					}
				]
			}
		},
		"b": { "0": [0] },
		"fnMap": {
			"0": {
				"name": "(empty-report)",
				"decl": {
					"start": { "line": 1, "column": 235 },
					"end": { "line": 10, "column": 1 }
				},
				"loc": {
					"start": { "line": 1, "column": 235 },
					"end": { "line": 10, "column": 1 }
				},
				"line": 1
			}
		},
		"f": { "0": 0 }
	},
	"/Users/yokoi/2024/独学/【練習】React/tool-countdown/src/components/Template.tsx": {
		"path": "/Users/yokoi/2024/独学/【練習】React/tool-countdown/src/components/Template.tsx",
		"all": false,
		"statementMap": {
			"0": {
				"start": { "line": 1, "column": 0 },
				"end": { "line": 1, "column": 33 }
			},
			"1": {
				"start": { "line": 2, "column": 0 },
				"end": { "line": 2, "column": 0 }
			},
			"2": {
				"start": { "line": 3, "column": 0 },
				"end": { "line": 3, "column": 36 }
			},
			"3": {
				"start": { "line": 4, "column": 0 },
				"end": { "line": 4, "column": 39 }
			},
			"4": {
				"start": { "line": 5, "column": 0 },
				"end": { "line": 5, "column": 10 }
			},
			"5": {
				"start": { "line": 6, "column": 0 },
				"end": { "line": 6, "column": 6 }
			},
			"6": {
				"start": { "line": 7, "column": 0 },
				"end": { "line": 7, "column": 12 }
			},
			"7": {
				"start": { "line": 8, "column": 0 },
				"end": { "line": 8, "column": 20 }
			},
			"8": {
				"start": { "line": 9, "column": 0 },
				"end": { "line": 9, "column": 19 }
			},
			"9": {
				"start": { "line": 10, "column": 0 },
				"end": { "line": 10, "column": 49 }
			},
			"10": {
				"start": { "line": 11, "column": 0 },
				"end": { "line": 11, "column": 31 }
			},
			"11": {
				"start": { "line": 12, "column": 0 },
				"end": { "line": 12, "column": 8 }
			},
			"12": {
				"start": { "line": 13, "column": 0 },
				"end": { "line": 13, "column": 25 }
			},
			"13": {
				"start": { "line": 14, "column": 0 },
				"end": { "line": 14, "column": 7 }
			},
			"14": {
				"start": { "line": 15, "column": 0 },
				"end": { "line": 15, "column": 4 }
			},
			"15": {
				"start": { "line": 16, "column": 0 },
				"end": { "line": 16, "column": 1 }
			}
		},
		"s": {
			"0": 1,
			"1": 1,
			"2": 1,
			"3": 13,
			"4": 13,
			"5": 13,
			"6": 13,
			"7": 13,
			"8": 13,
			"9": 13,
			"10": 13,
			"11": 13,
			"12": 13,
			"13": 13,
			"14": 13,
			"15": 13
		},
		"branchMap": {
			"0": {
				"type": "branch",
				"line": 3,
				"loc": {
					"start": { "line": 3, "column": 15 },
					"end": { "line": 16, "column": 1 }
				},
				"locations": [
					{
						"start": { "line": 3, "column": 15 },
						"end": { "line": 16, "column": 1 }
					}
				]
			},
			"1": {
				"type": "branch",
				"line": 10,
				"loc": {
					"start": { "line": 10, "column": 18 },
					"end": { "line": 10, "column": 49 }
				},
				"locations": [
					{
						"start": { "line": 10, "column": 18 },
						"end": { "line": 10, "column": 49 }
					}
				]
			}
		},
		"b": { "0": [13], "1": [12] },
		"fnMap": {
			"0": {
				"name": "Template",
				"decl": {
					"start": { "line": 3, "column": 15 },
					"end": { "line": 16, "column": 1 }
				},
				"loc": {
					"start": { "line": 3, "column": 15 },
					"end": { "line": 16, "column": 1 }
				},
				"line": 3
			},
			"1": {
				"name": "onChange",
				"decl": {
					"start": { "line": 10, "column": 18 },
					"end": { "line": 10, "column": 49 }
				},
				"loc": {
					"start": { "line": 10, "column": 18 },
					"end": { "line": 10, "column": 49 }
				},
				"line": 10
			}
		},
		"f": { "0": 13, "1": 12 }
	}
}
